app/build/outputs/logs/manifest-merger-debug-report.txt
-- Merging decision tree log ---
manifest
ADDED from src\main\AndroidManifest.xml:2:1-101:12
	package
		ADDED from src\main\AndroidManifest.xml:3:5-34
		INJECTED from src\main\AndroidManifest.xml
		INJECTED from src\main\AndroidManifest.xml
	android:versionName
		ADDED from src\main\AndroidManifest.xml:5:5-30
		INJECTED from src\main\AndroidManifest.xml
		INJECTED from src\main\AndroidManifest.xml
	android:versionCode
		ADDED from src\main\AndroidManifest.xml:4:5-29
		INJECTED from src\main\AndroidManifest.xml
		INJECTED from src\main\AndroidManifest.xml
	xmlns:android
		ADDED from src\main\AndroidManifest.xml:2:11-69
receiver#com.google.android.apps.analytics.AnalyticsReceiver
ADDED from src\main\AndroidManifest.xml:9:5-15:16
	android:exported
		ADDED from src\main\AndroidManifest.xml:11:9-32
	android:name
		ADDED from src\main\AndroidManifest.xml:10:9-75
intent-filter#com.android.vending.INSTALL_REFERRER
ADDED from src\main\AndroidManifest.xml:12:9-14:25
action#com.android.vending.INSTALL_REFERRER
ADDED from src\main\AndroidManifest.xml:13:13-75
	android:name
		ADDED from src\main\AndroidManifest.xml:13:21-72
uses-permission#android.permission.WRITE_EXTERNAL_STORAGE
ADDED from src\main\AndroidManifest.xml:18:5-81
	android:name
		ADDED from src\main\AndroidManifest.xml:18:22-78
uses-permission#android.permission.INTERNET
ADDED from src\main\AndroidManifest.xml:19:5-83
	android:name
		ADDED from src\main\AndroidManifest.xml:19:22-64
application
ADDED from src\main\AndroidManifest.xml:21:5-87:19
MERGED from [com.android.support:support-core-utils:25.2.0] AndroidManifest.xml:25:5-20
MERGED from [com.android.support:support-compat:25.2.0] AndroidManifest.xml:25:5-20
	android:enabled
		ADDED from src\main\AndroidManifest.xml:22:9-31
	android:label
		ADDED from src\main\AndroidManifest.xml:25:9-41
	android:icon
		ADDED from src\main\AndroidManifest.xml:23:9-41
	android:theme
		ADDED from src\main\AndroidManifest.xml:24:9-50
activity#reader.android.news.ParsingXML
ADDED from src\main\AndroidManifest.xml:27:9-35:20
	android:label
		ADDED from src\main\AndroidManifest.xml:29:13-45
	android:theme
		ADDED from src\main\AndroidManifest.xml:30:13-66
	android:name
		ADDED from src\main\AndroidManifest.xml:28:13-39
intent-filter#android.intent.action.MAIN+android.intent.category.LAUNCHER
ADDED from src\main\AndroidManifest.xml:31:13-34:29
action#android.intent.action.MAIN
ADDED from src\main\AndroidManifest.xml:32:17-69
	android:name
		ADDED from src\main\AndroidManifest.xml:32:25-66
category#android.intent.category.LAUNCHER
ADDED from src\main\AndroidManifest.xml:33:17-77
	android:name
		ADDED from src\main\AndroidManifest.xml:33:27-74
activity#reader.android.news.NewsDetail_Act
ADDED from src\main\AndroidManifest.xml:36:9-44:20
	android:label
		ADDED from src\main\AndroidManifest.xml:39:13-45
	android:theme
		ADDED from src\main\AndroidManifest.xml:38:13-54
	android:name
		ADDED from src\main\AndroidManifest.xml:37:13-43
intent-filter#android.intent.category.DEFAULT+reader.android.news.NEWSDETAIL_ACT
ADDED from src\main\AndroidManifest.xml:40:13-43:29
action#reader.android.news.NEWSDETAIL_ACT
ADDED from src\main\AndroidManifest.xml:41:17-77
	android:name
		ADDED from src\main\AndroidManifest.xml:41:25-74
category#android.intent.category.DEFAULT
ADDED from src\main\AndroidManifest.xml:42:17-76
	android:name
		ADDED from src\main\AndroidManifest.xml:42:27-73
activity#reader.android.news.Yazarlar
ADDED from src\main\AndroidManifest.xml:45:9-52:20
	android:label
		ADDED from src\main\AndroidManifest.xml:47:13-45
	android:name
		ADDED from src\main\AndroidManifest.xml:46:13-37
intent-filter#android.intent.category.DEFAULT+reader.android.news.YAZARLAR
ADDED from src\main\AndroidManifest.xml:48:13-51:29
action#reader.android.news.YAZARLAR
ADDED from src\main\AndroidManifest.xml:49:17-71
	android:name
		ADDED from src\main\AndroidManifest.xml:49:25-68
activity#reader.android.news.Photo_Gallery
ADDED from src\main\AndroidManifest.xml:53:9-60:20
	android:label
		ADDED from src\main\AndroidManifest.xml:55:13-45
	android:name
		ADDED from src\main\AndroidManifest.xml:54:13-42
intent-filter#android.intent.category.DEFAULT+reader.android.news.PHOTO_GALLERY
ADDED from src\main\AndroidManifest.xml:56:13-59:29
action#reader.android.news.PHOTO_GALLERY
ADDED from src\main\AndroidManifest.xml:57:17-76
	android:name
		ADDED from src\main\AndroidManifest.xml:57:25-73
activity#reader.android.news.PhotoDetail
ADDED from src\main\AndroidManifest.xml:61:9-68:20
	android:label
		ADDED from src\main\AndroidManifest.xml:63:13-45
	android:name
		ADDED from src\main\AndroidManifest.xml:62:13-40
intent-filter#android.intent.category.DEFAULT+reader.android.news.PHOTODETAIL
ADDED from src\main\AndroidManifest.xml:64:13-67:29
action#reader.android.news.PHOTODETAIL
ADDED from src\main\AndroidManifest.xml:65:17-74
	android:name
		ADDED from src\main\AndroidManifest.xml:65:25-71
activity#reader.android.news.Video_Act
ADDED from src\main\AndroidManifest.xml:69:9-77:20
	android:label
		ADDED from src\main\AndroidManifest.xml:71:13-45
	android:name
		ADDED from src\main\AndroidManifest.xml:70:13-38
intent-filter#android.intent.category.DEFAULT+reader.android.news.VIDEO_ACT
ADDED from src\main\AndroidManifest.xml:73:13-76:29
action#reader.android.news.VIDEO_ACT
ADDED from src\main\AndroidManifest.xml:74:17-72
	android:name
		ADDED from src\main\AndroidManifest.xml:74:25-69
activity#reader.android.news.VideoDetail
ADDED from src\main\AndroidManifest.xml:78:9-85:20
	android:label
		ADDED from src\main\AndroidManifest.xml:80:13-45
	android:name
		ADDED from src\main\AndroidManifest.xml:79:13-40
intent-filter#android.intent.category.DEFAULT+reader.android.news.VIDEODETAIL
ADDED from src\main\AndroidManifest.xml:81:13-84:29
action#reader.android.news.VIDEODETAIL
ADDED from src\main\AndroidManifest.xml:82:17-74
	android:name
		ADDED from src\main\AndroidManifest.xml:82:25-71
uses-sdk
ADDED from src\main\AndroidManifest.xml:90:5-92:41
MERGED from [com.android.support:support-core-utils:25.2.0] AndroidManifest.xml:21:5-23:61
MERGED from [com.android.support:support-compat:25.2.0] AndroidManifest.xml:21:5-23:58
	tools:overrideLibrary
		ADDED from [com.android.support:support-core-utils:25.2.0] AndroidManifest.xml:23:9-58
	android:targetSdkVersion
		ADDED from src\main\AndroidManifest.xml:92:9-38
		INJECTED from src\main\AndroidManifest.xml
		INJECTED from src\main\AndroidManifest.xml
	android:minSdkVersion
		ADDED from src\main\AndroidManifest.xml:91:9-35
		INJECTED from src\main\AndroidManifest.xml
		INJECTED from src\main\AndroidManifest.xml
supports-screens
ADDED from src\main\AndroidManifest.xml:94:5-98:40
	android:largeScreens
		ADDED from src\main\AndroidManifest.xml:97:9-36
	android:normalScreens
		ADDED from src\main\AndroidManifest.xml:98:9-37
	android:anyDensity
		ADDED from src\main\AndroidManifest.xml:95:9-34